<?xml version="1.0" encoding="UTF-8"?>
<!-- Generated by org.testng.reporters.JUnitXMLReporter -->
<testsuite ignored="0" hostname="ayaansh" failures="4" tests="4" name="Guru99" time="23.533" errors="0" timestamp="2024-02-06T10:13:56 IST">
  <testcase classname="TestCases.TC_Login_Guru99_001" name="login" time="1.709">
    <failure type="java.lang.AssertionError" message="expected [true] but found [false]">
      <![CDATA[java.lang.AssertionError: expected [true] but found [false]
at TestCases.TC_Login_Guru99_001.login(TC_Login_Guru99_001.java:41)
at java.base/java.util.ArrayList.forEach(ArrayList.java:1596)
... Removed 29 stack frames]]>
    </failure>
  </testcase> <!-- login -->
  <testcase classname="TestCases.TC_Login_Guru99_001" name="login" time="2.354">
    <failure type="java.lang.AssertionError" message="expected [true] but found [false]">
      <![CDATA[java.lang.AssertionError: expected [true] but found [false]
at TestCases.TC_Login_Guru99_001.login(TC_Login_Guru99_001.java:41)
at java.base/java.util.ArrayList.forEach(ArrayList.java:1596)
... Removed 29 stack frames]]>
    </failure>
  </testcase> <!-- login -->
  <testcase classname="TestCases.TC_Login_Guru99_001" name="login" time="3.578">
    <failure type="java.lang.AssertionError" message="expected [true] but found [false]">
      <![CDATA[java.lang.AssertionError: expected [true] but found [false]
at TestCases.TC_Login_Guru99_001.login(TC_Login_Guru99_001.java:41)
at java.base/java.util.ArrayList.forEach(ArrayList.java:1596)
... Removed 29 stack frames]]>
    </failure>
  </testcase> <!-- login -->
  <testcase classname="TestCases.TC_Login_Guru99_001" name="login" time="1.631">
    <failure type="java.lang.AssertionError" message="expected [true] but found [false]">
      <![CDATA[java.lang.AssertionError: expected [true] but found [false]
at TestCases.TC_Login_Guru99_001.login(TC_Login_Guru99_001.java:41)
at java.base/java.util.ArrayList.forEach(ArrayList.java:1596)
... Removed 29 stack frames]]>
    </failure>
  </testcase> <!-- login -->
</testsuite> <!-- Guru99 -->
